c:\users\sam51\desktop\brightmemory\solod3d\engine\bin\vc140.pdb
c:\users\sam51\desktop\brightmemory\solod3d\engine\bin\vc140.idb
c:\users\sam51\desktop\brightmemory\solod3d\engine\bin\shader.obj
c:\users\sam51\desktop\brightmemory\solod3d\engine\bin\texture.obj
c:\users\sam51\desktop\brightmemory\solod3d\engine\bin\transform.obj
c:\users\sam51\desktop\brightmemory\solod3d\engine\bin\vibuffer.obj
c:\users\sam51\desktop\brightmemory\solod3d\engine\bin\vibuffer_cube.obj
c:\users\sam51\desktop\brightmemory\solod3d\engine\bin\vibuffer_rect.obj
c:\users\sam51\desktop\brightmemory\solod3d\engine\bin\vibuffer_sphere.obj
c:\users\sam51\desktop\brightmemory\solod3d\engine\bin\grapheditor.obj
c:\users\sam51\desktop\brightmemory\solod3d\engine\bin\imcurveedit.obj
c:\users\sam51\desktop\brightmemory\solod3d\engine\bin\imgradient.obj
c:\users\sam51\desktop\brightmemory\solod3d\engine\bin\imgui.obj
c:\users\sam51\desktop\brightmemory\solod3d\engine\bin\imguifiledialog.obj
c:\users\sam51\desktop\brightmemory\solod3d\engine\bin\imguizmo.obj
c:\users\sam51\desktop\brightmemory\solod3d\engine\bin\imgui_demo.obj
c:\users\sam51\desktop\brightmemory\solod3d\engine\bin\imgui_draw.obj
c:\users\sam51\desktop\brightmemory\solod3d\engine\bin\imgui_impl_dx11.obj
c:\users\sam51\desktop\brightmemory\solod3d\engine\bin\imgui_impl_win32.obj
c:\users\sam51\desktop\brightmemory\solod3d\engine\bin\imgui_tables.obj
c:\users\sam51\desktop\brightmemory\solod3d\engine\bin\imgui_widgets.obj
c:\users\sam51\desktop\brightmemory\solod3d\engine\bin\imsequencer.obj
c:\users\sam51\desktop\brightmemory\solod3d\engine\bin\base.obj
c:\users\sam51\desktop\brightmemory\solod3d\engine\bin\camera.obj
c:\users\sam51\desktop\brightmemory\solod3d\engine\bin\component.obj
c:\users\sam51\desktop\brightmemory\solod3d\engine\bin\component_manager.obj
c:\users\sam51\desktop\brightmemory\solod3d\engine\bin\engine_struct.obj
c:\users\sam51\desktop\brightmemory\solod3d\engine\bin\gameinstance.obj
c:\users\sam51\desktop\brightmemory\solod3d\engine\bin\mathutils.obj
c:\users\sam51\desktop\brightmemory\solod3d\engine\bin\gameobject.obj
c:\users\sam51\desktop\brightmemory\solod3d\engine\bin\gameutils.obj
c:\users\sam51\desktop\brightmemory\solod3d\engine\bin\graphic_device.obj
c:\users\sam51\desktop\brightmemory\solod3d\engine\bin\imguiobject.obj
c:\users\sam51\desktop\brightmemory\solod3d\engine\bin\imgui_manager.obj
c:\users\sam51\desktop\brightmemory\solod3d\engine\bin\imgui_propertyeditor.obj
c:\users\sam51\desktop\brightmemory\solod3d\engine\bin\input_device.obj
c:\users\sam51\desktop\brightmemory\solod3d\engine\bin\layer.obj
c:\users\sam51\desktop\brightmemory\solod3d\engine\bin\level.obj
c:\users\sam51\desktop\brightmemory\solod3d\engine\bin\level_manager.obj
c:\users\sam51\desktop\brightmemory\solod3d\engine\bin\object_manager.obj
c:\users\sam51\desktop\brightmemory\solod3d\engine\bin\pipeline.obj
c:\users\sam51\desktop\brightmemory\solod3d\engine\bin\renderer.obj
c:\users\sam51\desktop\brightmemory\solod3d\engine\bin\engine.lib
c:\users\sam51\desktop\brightmemory\solod3d\engine\bin\engine.exp
c:\users\sam51\desktop\brightmemory\solod3d\engine\bin\engine.ilk
c:\users\sam51\desktop\brightmemory\solod3d\engine\bin\engine.dll
c:\users\sam51\desktop\brightmemory\solod3d\engine\bin\engine.pdb
c:\users\sam51\desktop\brightmemory\solod3d\engine\bin\../bin\engine.pdb
c:\users\sam51\desktop\brightmemory\solod3d\engine\default\../bin\engine.dll
c:\users\sam51\desktop\brightmemory\solod3d\engine\bin\../bin\engine.ilk
c:\users\sam51\desktop\brightmemory\solod3d\engine\bin\engine.tlog\cl.command.1.tlog
c:\users\sam51\desktop\brightmemory\solod3d\engine\bin\engine.tlog\cl.read.1.tlog
c:\users\sam51\desktop\brightmemory\solod3d\engine\bin\engine.tlog\cl.write.1.tlog
c:\users\sam51\desktop\brightmemory\solod3d\engine\bin\engine.tlog\engine.write.1u.tlog
c:\users\sam51\desktop\brightmemory\solod3d\engine\bin\engine.tlog\link.command.1.tlog
c:\users\sam51\desktop\brightmemory\solod3d\engine\bin\engine.tlog\link.read.1.tlog
c:\users\sam51\desktop\brightmemory\solod3d\engine\bin\engine.tlog\link.write.1.tlog
