  Base.cpp
  Camera.cpp
  Component.cpp
  Component_Manager.cpp
  CustomFont.cpp
  Engine_Struct.cpp
  Font_Manager.cpp
  FSMComponent.cpp
  GameInstance.cpp
  Light.cpp
  Light_Manager.cpp
  MathUtils.cpp
  GameObject.cpp
  GameUtils.cpp
  Graphic_Device.cpp
  ImGuiObject.cpp
  ImGui_Manager.cpp
  ImGui_PropertyEditor.cpp
  Input_Device.cpp
  Layer.cpp
  컴파일하고 있습니다...
  Level.cpp
  Level_Manager.cpp
  Object_Manager.cpp
  PipeLine.cpp
  Renderer.cpp
  RigidBody.cpp
  Shader.cpp
  Timer.cpp
  Timer_Manager.cpp
  VIBuffer_Cylinder.cpp
  VIBuffer_Terrain.cpp
..\private\VIBuffer_Terrain.cpp(66): warning C4244: '인수': 'Engine::_uint'에서 'float'(으)로 변환하면서 데이터가 손실될 수 있습니다.
  Texture.cpp
  Transform.cpp
  VIBuffer.cpp
  VIBuffer_Cube.cpp
  VIBuffer_Rect.cpp
  VIBuffer_Sphere.cpp
  GraphEditor.cpp
  ImCurveEdit.cpp
  ImGradient.cpp
  컴파일하고 있습니다...
  imgui.cpp
  ImGuiFileDialog.cpp
  ImGuizmo.cpp
  imgui_demo.cpp
  imgui_draw.cpp
  imgui_impl_dx11.cpp
  imgui_impl_win32.cpp
  imgui_tables.cpp
  imgui_widgets.cpp
  ImSequencer.cpp
     ../Bin\Engine.lib 라이브러리 및 ../Bin\Engine.exp 개체를 생성하고 있습니다.
  코드를 생성하고 있습니다.
  All 8490 functions were compiled because no usable IPDB/IOBJ from previous compilation was found.
  코드를 생성했습니다.
Effects11.lib(d3dxGlobal.obj) : warning LNK4099: 'Effects11.pdb' PDB를 'Effects11.lib(d3dxGlobal.obj)' 또는 'C:\Users\sam51\Desktop\SoloD3D\Engine\Bin\Effects11.pdb'에서 찾을 수 없습니다. 디버그 정보가 없는 것처럼 개체를 링크합니다.
Effects11.lib(EffectAPI.obj) : warning LNK4099: 'Effects11.pdb' PDB를 'Effects11.lib(EffectAPI.obj)' 또는 'C:\Users\sam51\Desktop\SoloD3D\Engine\Bin\Effects11.pdb'에서 찾을 수 없습니다. 디버그 정보가 없는 것처럼 개체를 링크합니다.
Effects11.lib(EffectLoad.obj) : warning LNK4099: 'Effects11.pdb' PDB를 'Effects11.lib(EffectLoad.obj)' 또는 'C:\Users\sam51\Desktop\SoloD3D\Engine\Bin\Effects11.pdb'에서 찾을 수 없습니다. 디버그 정보가 없는 것처럼 개체를 링크합니다.
Effects11.lib(EffectNonRuntime.obj) : warning LNK4099: 'Effects11.pdb' PDB를 'Effects11.lib(EffectNonRuntime.obj)' 또는 'C:\Users\sam51\Desktop\SoloD3D\Engine\Bin\Effects11.pdb'에서 찾을 수 없습니다. 디버그 정보가 없는 것처럼 개체를 링크합니다.
Effects11.lib(EffectReflection.obj) : warning LNK4099: 'Effects11.pdb' PDB를 'Effects11.lib(EffectReflection.obj)' 또는 'C:\Users\sam51\Desktop\SoloD3D\Engine\Bin\Effects11.pdb'에서 찾을 수 없습니다. 디버그 정보가 없는 것처럼 개체를 링크합니다.
Effects11.lib(EffectRuntime.obj) : warning LNK4099: 'Effects11.pdb' PDB를 'Effects11.lib(EffectRuntime.obj)' 또는 'C:\Users\sam51\Desktop\SoloD3D\Engine\Bin\Effects11.pdb'에서 찾을 수 없습니다. 디버그 정보가 없는 것처럼 개체를 링크합니다.
DirectXTK.lib(CommonStates.obj) : warning LNK4099: 'DirectXTK.pdb' PDB를 'DirectXTK.lib(CommonStates.obj)' 또는 'C:\Users\sam51\Desktop\SoloD3D\Engine\Bin\DirectXTK.pdb'에서 찾을 수 없습니다. 디버그 정보가 없는 것처럼 개체를 링크합니다.
DirectXTK.lib(DDSTextureLoader.obj) : warning LNK4099: 'DirectXTK.pdb' PDB를 'DirectXTK.lib(DDSTextureLoader.obj)' 또는 'C:\Users\sam51\Desktop\SoloD3D\Engine\Bin\DirectXTK.pdb'에서 찾을 수 없습니다. 디버그 정보가 없는 것처럼 개체를 링크합니다.
DirectXTK.lib(BinaryReader.obj) : warning LNK4099: 'DirectXTK.pdb' PDB를 'DirectXTK.lib(BinaryReader.obj)' 또는 'C:\Users\sam51\Desktop\SoloD3D\Engine\Bin\DirectXTK.pdb'에서 찾을 수 없습니다. 디버그 정보가 없는 것처럼 개체를 링크합니다.
DirectXTK.lib(pch.obj) : warning LNK4099: 'DirectXTK.pdb' PDB를 'DirectXTK.lib(pch.obj)' 또는 'C:\Users\sam51\Desktop\SoloD3D\Engine\Bin\DirectXTK.pdb'에서 찾을 수 없습니다. 디버그 정보가 없는 것처럼 개체를 링크합니다.
DirectXTK.lib(SpriteBatch.obj) : warning LNK4099: 'DirectXTK.pdb' PDB를 'DirectXTK.lib(SpriteBatch.obj)' 또는 'C:\Users\sam51\Desktop\SoloD3D\Engine\Bin\DirectXTK.pdb'에서 찾을 수 없습니다. 디버그 정보가 없는 것처럼 개체를 링크합니다.
DirectXTK.lib(SpriteFont.obj) : warning LNK4099: 'DirectXTK.pdb' PDB를 'DirectXTK.lib(SpriteFont.obj)' 또는 'C:\Users\sam51\Desktop\SoloD3D\Engine\Bin\DirectXTK.pdb'에서 찾을 수 없습니다. 디버그 정보가 없는 것처럼 개체를 링크합니다.
DirectXTK.lib(VertexTypes.obj) : warning LNK4099: 'DirectXTK.pdb' PDB를 'DirectXTK.lib(VertexTypes.obj)' 또는 'C:\Users\sam51\Desktop\SoloD3D\Engine\Bin\DirectXTK.pdb'에서 찾을 수 없습니다. 디버그 정보가 없는 것처럼 개체를 링크합니다.
DirectXTK.lib(WICTextureLoader.obj) : warning LNK4099: 'DirectXTK.pdb' PDB를 'DirectXTK.lib(WICTextureLoader.obj)' 또는 'C:\Users\sam51\Desktop\SoloD3D\Engine\Bin\DirectXTK.pdb'에서 찾을 수 없습니다. 디버그 정보가 없는 것처럼 개체를 링크합니다.
  Engine.vcxproj -> C:\Users\sam51\Desktop\SoloD3D\Engine\Default\../Bin\Engine.dll
  Engine.vcxproj -> ../Bin\Engine.pdb (Full PDB)
  .\Engine\Bin\Engine.lib
  1개 파일이 복사되었습니다.
  .\Engine\Bin\Engine.dll
  1개 파일이 복사되었습니다.
  .\Engine\Bin\Engine.dll
  1개 파일이 복사되었습니다.
  .\Engine\Public\Base.h
  .\Engine\Public\Camera.h
  .\Engine\Public\Component.h
  .\Engine\Public\Component_Manager.h
  .\Engine\Public\CustomFont.h
  .\Engine\Public\Engine_Define.h
  .\Engine\Public\Engine_Function.h
  .\Engine\Public\Engine_Macro.h
  .\Engine\Public\Engine_Struct.h
  .\Engine\Public\Engine_Typedef.h
  .\Engine\Public\Font_Manager.h
  .\Engine\Public\FSMComponent.h
  .\Engine\Public\GameInstance.h
  .\Engine\Public\GameObject.h
  .\Engine\Public\GameUtils.h
  .\Engine\Public\Graphic_Device.h
  .\Engine\Public\ImGuiObject.h
  .\Engine\Public\ImGui_Manager.h
  .\Engine\Public\ImGui_PropertyEditor.h
  .\Engine\Public\Input_Device.h
  .\Engine\Public\Layer.h
  .\Engine\Public\Level.h
  .\Engine\Public\Level_Manager.h
  .\Engine\Public\Light.h
  .\Engine\Public\Light_Manager.h
  .\Engine\Public\MathUtils.h
  .\Engine\Public\Object_Manager.h
  .\Engine\Public\PipeLine.h
  .\Engine\Public\Renderer.h
  .\Engine\Public\RigidBody.h
  .\Engine\Public\Shader.h
  .\Engine\Public\Texture.h
  .\Engine\Public\Timer.h
  .\Engine\Public\Timer_Manager.h
  .\Engine\Public\Transform.h
  .\Engine\Public\VIBuffer.h
  .\Engine\Public\VIBuffer_Cube.h
  .\Engine\Public\VIBuffer_Cylinder.h
  .\Engine\Public\VIBuffer_Rect.h
  .\Engine\Public\VIBuffer_Sphere.h
  .\Engine\Public\VIBuffer_Terrain.h
  .\Engine\Public\DirectXTK\Audio.h
  .\Engine\Public\DirectXTK\CommonStates.h
  .\Engine\Public\DirectXTK\DDSTextureLoader.h
  .\Engine\Public\DirectXTK\DirectXHelpers.h
  .\Engine\Public\DirectXTK\Effects.h
  .\Engine\Public\DirectXTK\GamePad.h
  .\Engine\Public\DirectXTK\GeometricPrimitive.h
  .\Engine\Public\DirectXTK\GraphicsMemory.h
  .\Engine\Public\DirectXTK\Keyboard.h
  .\Engine\Public\DirectXTK\Model.h
  .\Engine\Public\DirectXTK\Mouse.h
  .\Engine\Public\DirectXTK\PostProcess.h
  .\Engine\Public\DirectXTK\PrimitiveBatch.h
  .\Engine\Public\DirectXTK\ScreenGrab.h
  .\Engine\Public\DirectXTK\SimpleMath.h
  .\Engine\Public\DirectXTK\SimpleMath.inl
  .\Engine\Public\DirectXTK\SpriteBatch.h
  .\Engine\Public\DirectXTK\SpriteFont.h
  .\Engine\Public\DirectXTK\VertexTypes.h
  .\Engine\Public\DirectXTK\WICTextureLoader.h
  .\Engine\Public\DirectXTK\XboxDDSTextureLoader.h
  .\Engine\Public\Effects11\d3dx11effect.h
  .\Engine\Public\Effects11\d3dxGlobal.h
  .\Engine\Public\ImGui\dirent.h
  .\Engine\Public\ImGui\GraphEditor.cpp
  .\Engine\Public\ImGui\GraphEditor.h
  .\Engine\Public\ImGui\imconfig.h
  .\Engine\Public\ImGui\ImCurveEdit.cpp
  .\Engine\Public\ImGui\ImCurveEdit.h
  .\Engine\Public\ImGui\ImGradient.cpp
  .\Engine\Public\ImGui\ImGradient.h
  .\Engine\Public\ImGui\imgui.cpp
  .\Engine\Public\ImGui\imgui.h
  .\Engine\Public\ImGui\ImGuiFileDialog.cpp
  .\Engine\Public\ImGui\ImGuiFileDialog.h
  .\Engine\Public\ImGui\ImGuiFileDialogConfig.h
  .\Engine\Public\ImGui\ImGuizmo.cpp
  .\Engine\Public\ImGui\ImGuizmo.h
  .\Engine\Public\ImGui\imgui_demo.cpp
  .\Engine\Public\ImGui\imgui_draw.cpp
  .\Engine\Public\ImGui\imgui_impl_dx11.cpp
  .\Engine\Public\ImGui\imgui_impl_dx11.h
  .\Engine\Public\ImGui\imgui_impl_win32.cpp
  .\Engine\Public\ImGui\imgui_impl_win32.h
  .\Engine\Public\ImGui\imgui_internal.h
  .\Engine\Public\ImGui\imgui_tables.cpp
  .\Engine\Public\ImGui\imgui_widgets.cpp
  .\Engine\Public\ImGui\ImSequencer.cpp
  .\Engine\Public\ImGui\ImSequencer.h
  .\Engine\Public\ImGui\imstb_rectpack.h
  .\Engine\Public\ImGui\imstb_textedit.h
  .\Engine\Public\ImGui\imstb_truetype.h
  .\Engine\Public\ImGui\ImZoomSlider.h
  94개 파일이 복사되었습니다.
