FXC : warning X4717: Effects deprecated for D3DCompiler_47
  
  compilation object save succeeded; see C:\Users\sam51\Desktop\BrightMemory\SoloD3D\Client\Bin\Release\Shader_Shadow.cso
FXC : warning X4717: Effects deprecated for D3DCompiler_47
  
  compilation object save succeeded; see C:\Users\sam51\Desktop\BrightMemory\SoloD3D\Client\Bin\Release\Shader_VtxNorDifTan.cso
FXC : warning X4717: Effects deprecated for D3DCompiler_47
  
  compilation object save succeeded; see C:\Users\sam51\Desktop\BrightMemory\SoloD3D\Client\Bin\Release\Shader_VtxNorTex.cso
FXC : warning X4717: Effects deprecated for D3DCompiler_47
  
  compilation object save succeeded; see C:\Users\sam51\Desktop\BrightMemory\SoloD3D\Client\Bin\Release\Shader_VtxTex.cso
  BackGround.cpp
  Camera_Dynamic.cpp
  Enter_KeyUI.cpp
  Level_ChapOne.cpp
  Level_ChapTwo.cpp
  Level_Loading.cpp
  Level_Logo.cpp
  Level_Tool.cpp
  Loader.cpp
  LoadingHourglass.cpp
  MainApp.cpp
  Ocean.cpp
  Terrain.cpp
  TestCube.cpp
  TestCylinder.cpp
  TestSphere.cpp
  Client.cpp
  코드를 생성하고 있습니다.
  451 of 451 functions (100.0%) were compiled, the rest were copied from previous compilation.
    61 functions were new in current compilation
    0 functions had inline decision re-evaluated but remain unchanged
  코드를 생성했습니다.
  Client.vcxproj -> C:\Users\sam51\Desktop\BrightMemory\SoloD3D\Client\Default\..\Bin\Release\Client.exe
  Client.vcxproj -> ..\Bin\Release\Client.pdb (Full PDB)
