c:\users\sam51\desktop\brightmemory\solod3d\client\bin\debug\client.pch
c:\users\sam51\desktop\brightmemory\solod3d\client\bin\debug\vc140.pdb
c:\users\sam51\desktop\brightmemory\solod3d\client\bin\debug\vc140.idb
c:\users\sam51\desktop\brightmemory\solod3d\client\bin\debug\stdafx.obj
c:\users\sam51\desktop\brightmemory\solod3d\client\bin\debug\background.obj
c:\users\sam51\desktop\brightmemory\solod3d\client\bin\debug\camera_dynamic.obj
c:\users\sam51\desktop\brightmemory\solod3d\client\bin\debug\level_chapone.obj
c:\users\sam51\desktop\brightmemory\solod3d\client\bin\debug\level_chaptwo.obj
c:\users\sam51\desktop\brightmemory\solod3d\client\bin\debug\level_loading.obj
c:\users\sam51\desktop\brightmemory\solod3d\client\bin\debug\level_logo.obj
c:\users\sam51\desktop\brightmemory\solod3d\client\bin\debug\loader.obj
c:\users\sam51\desktop\brightmemory\solod3d\client\bin\debug\mainapp.obj
c:\users\sam51\desktop\brightmemory\solod3d\client\bin\debug\testcube.obj
c:\users\sam51\desktop\brightmemory\solod3d\client\bin\debug\testsphere.obj
c:\users\sam51\desktop\brightmemory\solod3d\client\bin\debug\client.obj
c:\users\sam51\desktop\brightmemory\solod3d\client\bin\debug\shader_vtxnortan.cso
c:\users\sam51\desktop\brightmemory\solod3d\client\bin\debug\shader_vtxtex.cso
c:\users\sam51\desktop\brightmemory\solod3d\client\bin\debug\client.ilk
c:\users\sam51\desktop\brightmemory\solod3d\client\bin\debug\client.exe
c:\users\sam51\desktop\brightmemory\solod3d\client\bin\debug\client.pdb
c:\users\sam51\desktop\brightmemory\solod3d\client\bin\debug\client.res
c:\users\sam51\desktop\brightmemory\solod3d\client\default\..\bin\debug\client.exe
c:\users\sam51\desktop\brightmemory\solod3d\client\bin\debug\client.tlog\cl.command.1.tlog
c:\users\sam51\desktop\brightmemory\solod3d\client\bin\debug\client.tlog\cl.read.1.tlog
c:\users\sam51\desktop\brightmemory\solod3d\client\bin\debug\client.tlog\cl.write.1.tlog
c:\users\sam51\desktop\brightmemory\solod3d\client\bin\debug\client.tlog\client.write.1u.tlog
c:\users\sam51\desktop\brightmemory\solod3d\client\bin\debug\client.tlog\fxc.command.1.tlog
c:\users\sam51\desktop\brightmemory\solod3d\client\bin\debug\client.tlog\fxc.read.1.tlog
c:\users\sam51\desktop\brightmemory\solod3d\client\bin\debug\client.tlog\fxc.write.1.tlog
c:\users\sam51\desktop\brightmemory\solod3d\client\bin\debug\client.tlog\link.command.1.tlog
c:\users\sam51\desktop\brightmemory\solod3d\client\bin\debug\client.tlog\link.read.1.tlog
c:\users\sam51\desktop\brightmemory\solod3d\client\bin\debug\client.tlog\link.write.1.tlog
c:\users\sam51\desktop\brightmemory\solod3d\client\bin\debug\client.tlog\rc.command.1.tlog
c:\users\sam51\desktop\brightmemory\solod3d\client\bin\debug\client.tlog\rc.read.1.tlog
c:\users\sam51\desktop\brightmemory\solod3d\client\bin\debug\client.tlog\rc.write.1.tlog
