FXC : warning X4717: Effects deprecated for D3DCompiler_47
  
  compilation object save succeeded; see C:\Users\sam51\Desktop\BrightMemory\SoloD3D\Client\Bin\Debug\Shader_VtxAnimModel.cso
FXC : warning X4717: Effects deprecated for D3DCompiler_47
C:\Users\sam51\Desktop\BrightMemory\SoloD3D\Client\Bin\ShaderFiles\Shader_VtxModel.hlsl(76,9-80): warning X3206: implicit truncation of vector type
  
  compilation object save succeeded; see C:\Users\sam51\Desktop\BrightMemory\SoloD3D\Client\Bin\Debug\Shader_VtxModel.cso
FXC : warning X4717: Effects deprecated for D3DCompiler_47
  
  compilation object save succeeded; see C:\Users\sam51\Desktop\BrightMemory\SoloD3D\Client\Bin\Debug\Shader_VtxNorTex.cso
FXC : warning X4717: Effects deprecated for D3DCompiler_47
  
  compilation object save succeeded; see C:\Users\sam51\Desktop\BrightMemory\SoloD3D\Client\Bin\Debug\Shader_VtxTex.cso
  stdafx.cpp
  Client.cpp
  Izuna.cpp
  Weapon.cpp
  TestSphere.cpp
  TestCylinder.cpp
  TestCube.cpp
  Terrain.cpp
  School.cpp
  Player.cpp
c:\users\sam51\desktop\brightmemory\solod3d\client\private\player.cpp(45): warning C4267: '=': 'size_t'에서 'Engine::_uint'(으)로 변환하면서 데이터가 손실될 수 있습니다.
  Ocean.cpp
  Monster.cpp
c:\users\sam51\desktop\brightmemory\solod3d\client\private\monster.cpp(40): warning C4244: '인수': 'int'에서 'float'(으)로 변환하면서 데이터가 손실될 수 있습니다.
  Momoi.cpp
  MainApp.cpp
  Loader.cpp
  Level_Tool.cpp
  Level_Logo.cpp
  Level_Loading.cpp
  Level_ChapTwo.cpp
  Level_ChapOne.cpp
  ForkLift.cpp
c:\users\sam51\desktop\brightmemory\solod3d\client\private\forklift.cpp(33): warning C4244: '인수': 'int'에서 'float'(으)로 변환하면서 데이터가 손실될 수 있습니다.
  코드를 생성하고 있습니다...
  컴파일하고 있습니다...
  EmptyGameObject.cpp
  Camera_Dynamic.cpp
  Baricade.cpp
  BackGround.cpp
  코드를 생성하고 있습니다...
  Client.vcxproj -> C:\Users\sam51\Desktop\BrightMemory\SoloD3D\Client\Default\..\Bin\Debug\Client.exe
  Client.vcxproj -> ..\Bin\Debug\Client.pdb (Full PDB)
